Copyright 1986-2018 Xilinx, Inc. All Rights Reserved.
------------------------------------------------------------------------------------------------
| Tool Version : Vivado v.2018.2.2 (win64) Build 2258646 Thu Jun 14 20:03:12 MDT 2018
| Date         : Thu Nov 11 16:59:29 2021
| Host         : LAPTOP-DC172572 running 64-bit major release  (build 9200)
| Command      : report_control_sets -verbose -file casio_ur_IP_wrapper_control_sets_placed.rpt
| Design       : casio_ur_IP_wrapper
| Device       : xc7z010
------------------------------------------------------------------------------------------------

Control Set Information

Table of Contents
-----------------
1. Summary
2. Histogram
3. Flip-Flop Distribution
4. Detailed Control Set Information

1. Summary
----------

+----------------------------------------------------------+-------+
|                          Status                          | Count |
+----------------------------------------------------------+-------+
| Number of unique control sets                            |    93 |
| Unused register locations in slices containing registers |   144 |
+----------------------------------------------------------+-------+


2. Histogram
------------

+--------+--------------+
| Fanout | Control Sets |
+--------+--------------+
|      2 |            8 |
|      4 |            1 |
|      8 |           23 |
|     10 |            3 |
|     12 |            5 |
|     14 |            2 |
|    16+ |           51 |
+--------+--------------+


3. Flip-Flop Distribution
-------------------------

+--------------+-----------------------+------------------------+-----------------+--------------+
| Clock Enable | Synchronous Set/Reset | Asynchronous Set/Reset | Total Registers | Total Slices |
+--------------+-----------------------+------------------------+-----------------+--------------+
| No           | No                    | No                     |             530 |           92 |
| No           | No                    | Yes                    |               0 |            0 |
| No           | Yes                   | No                     |             618 |          107 |
| Yes          | No                    | No                     |             874 |          101 |
| Yes          | No                    | Yes                    |               0 |            0 |
| Yes          | Yes                   | No                     |            1098 |          197 |
+--------------+-----------------------+------------------------+-----------------+--------------+


4. Detailed Control Set Information
-----------------------------------

+----------------------------------------------------+-------------------------------------------------------------------------------------------------------------------------------------------------------------------+-----------------------------------------------------------------------------------------------------------------------------------------------+------------------+----------------+
|                    Clock Signal                    |                                                                           Enable Signal                                                                           |                                                                Set/Reset Signal                                                               | Slice Load Count | Bel Load Count |
+----------------------------------------------------+-------------------------------------------------------------------------------------------------------------------------------------------------------------------+-----------------------------------------------------------------------------------------------------------------------------------------------+------------------+----------------+
|  casio_ur_IP_i/processing_system7_0/inst/FCLK_CLK0 |                                                                                                                                                                   | casio_ur_IP_i/axi_timer_0/U0/AXI4_LITE_I/I_SLAVE_ATTACHMENT/I_DECODER/TCSR1_GENERATE[23].TCSR1_FF_I                                           |                1 |              2 |
|  casio_ur_IP_i/processing_system7_0/inst/FCLK_CLK0 |                                                                                                                                                                   | casio_ur_IP_i/axi_timer_0/U0/AXI4_LITE_I/I_SLAVE_ATTACHMENT/I_DECODER/TCSR0_GENERATE[23].TCSR0_FF_I                                           |                1 |              2 |
|  casio_ur_IP_i/processing_system7_0/inst/FCLK_CLK0 |                                                                                                                                                                   | casio_ur_IP_i/axi_timer_0/U0/TC_CORE_I/TIMER_CONTROL_I/R_0                                                                                    |                1 |              2 |
|  casio_ur_IP_i/processing_system7_0/inst/FCLK_CLK0 |                                                                                                                                                                   | casio_ur_IP_i/axi_timer_0/U0/TC_CORE_I/TIMER_CONTROL_I/READ_DONE1_I_i_1_n_0                                                                   |                1 |              2 |
|  casio_ur_IP_i/processing_system7_0/inst/FCLK_CLK0 |                                                                                                                                                                   | casio_ur_IP_i/axi_timer_1/U0/AXI4_LITE_I/I_SLAVE_ATTACHMENT/I_DECODER/TCSR0_GENERATE[23].TCSR0_FF_I                                           |                1 |              2 |
|  casio_ur_IP_i/processing_system7_0/inst/FCLK_CLK0 |                                                                                                                                                                   | casio_ur_IP_i/axi_timer_1/U0/AXI4_LITE_I/I_SLAVE_ATTACHMENT/I_DECODER/TCSR1_GENERATE[23].TCSR1_FF_I                                           |                1 |              2 |
|  casio_ur_IP_i/processing_system7_0/inst/FCLK_CLK0 |                                                                                                                                                                   | casio_ur_IP_i/axi_timer_1/U0/TC_CORE_I/TIMER_CONTROL_I/READ_DONE1_I_i_1_n_0                                                                   |                1 |              2 |
|  casio_ur_IP_i/processing_system7_0/inst/FCLK_CLK0 |                                                                                                                                                                   | casio_ur_IP_i/axi_timer_1/U0/TC_CORE_I/TIMER_CONTROL_I/R_0                                                                                    |                1 |              2 |
|  casio_ur_IP_i/processing_system7_0/inst/FCLK_CLK0 | casio_ur_IP_i/ps7_0_axi_periph/s00_couplers/auto_pc/inst/gen_axilite.gen_b2s_conv.axilite_b2s/WR.b_channel_0/bid_fifo_0/bresp_push                                |                                                                                                                                               |                1 |              4 |
|  casio_ur_IP_i/processing_system7_0/inst/FCLK_CLK0 |                                                                                                                                                                   | casio_ur_IP_i/axi_gpio_1/U0/AXI_LITE_IPIF_I/I_SLAVE_ATTACHMENT/clear                                                                          |                1 |              8 |
|  casio_ur_IP_i/processing_system7_0/inst/FCLK_CLK0 |                                                                                                                                                                   | casio_ur_IP_i/axi_gpio_1/U0/gpio_core_1/Not_Dual.ALLIN1_ND.READ_REG_GEN[3].reg1[31]_i_1_n_0                                                   |                1 |              8 |
|  casio_ur_IP_i/processing_system7_0/inst/FCLK_CLK0 | casio_ur_IP_i/axi_timer_1/U0/AXI4_LITE_I/I_SLAVE_ATTACHMENT/bus2ip_addr_i[4]_i_1_n_0                                                                              | casio_ur_IP_i/axi_timer_1/U0/AXI4_LITE_I/I_SLAVE_ATTACHMENT/rst                                                                               |                1 |              8 |
|  casio_ur_IP_i/processing_system7_0/inst/FCLK_CLK0 |                                                                                                                                                                   | casio_ur_IP_i/ps7_0_axi_periph/s00_couplers/auto_pc/inst/gen_axilite.gen_b2s_conv.axilite_b2s/SI_REG/aw.aw_pipe/s_ready_i_reg_0               |                2 |              8 |
|  casio_ur_IP_i/processing_system7_0/inst/FCLK_CLK0 | casio_ur_IP_i/ps7_0_axi_periph/s00_couplers/auto_pc/inst/gen_axilite.gen_b2s_conv.axilite_b2s/WR.aw_channel_0/aw_cmd_fsm_0/axaddr_wrap_reg[11][0]                 | casio_ur_IP_i/ps7_0_axi_periph/s00_couplers/auto_pc/inst/gen_axilite.gen_b2s_conv.axilite_b2s/WR.aw_channel_0/aw_cmd_fsm_0/axlen_cnt_reg[7]_1 |                1 |              8 |
|  casio_ur_IP_i/processing_system7_0/inst/FCLK_CLK0 |                                                                                                                                                                   | casio_ur_IP_i/axi_gpio_3/U0/AXI_LITE_IPIF_I/I_SLAVE_ATTACHMENT/clear                                                                          |                1 |              8 |
|  casio_ur_IP_i/processing_system7_0/inst/FCLK_CLK0 | casio_ur_IP_i/axi_gpio_3/U0/AXI_LITE_IPIF_I/I_SLAVE_ATTACHMENT/bus2ip_addr_i[8]_i_1_n_0                                                                           | casio_ur_IP_i/axi_gpio_3/U0/AXI_LITE_IPIF_I/I_SLAVE_ATTACHMENT/SR[0]                                                                          |                1 |              8 |
|  casio_ur_IP_i/processing_system7_0/inst/FCLK_CLK0 | casio_ur_IP_i/axi_gpio_3/U0/AXI_LITE_IPIF_I/I_SLAVE_ATTACHMENT/I_DECODER/E[0]                                                                                     | casio_ur_IP_i/axi_gpio_3/U0/AXI_LITE_IPIF_I/I_SLAVE_ATTACHMENT/SR[0]                                                                          |                1 |              8 |
|  casio_ur_IP_i/processing_system7_0/inst/FCLK_CLK0 | casio_ur_IP_i/axi_timer_0/U0/AXI4_LITE_I/I_SLAVE_ATTACHMENT/I_DECODER/pair0_Select                                                                                | casio_ur_IP_i/axi_timer_0/U0/TC_CORE_I/GEN_SECOND_TIMER.COUNTER_1_I/COUNTER_I/INFERRED_GEN.icount_out_reg[31]_0                               |                2 |              8 |
|  casio_ur_IP_i/processing_system7_0/inst/FCLK_CLK0 | casio_ur_IP_i/axi_gpio_3/U0/AXI_LITE_IPIF_I/I_SLAVE_ATTACHMENT/I_DECODER/Not_Dual.gpio_OE_reg[0][0]                                                               | casio_ur_IP_i/axi_gpio_3/U0/AXI_LITE_IPIF_I/I_SLAVE_ATTACHMENT/SR[0]                                                                          |                1 |              8 |
|  casio_ur_IP_i/processing_system7_0/inst/FCLK_CLK0 |                                                                                                                                                                   | casio_ur_IP_i/axi_gpio_2/U0/AXI_LITE_IPIF_I/I_SLAVE_ATTACHMENT/clear                                                                          |                1 |              8 |
|  casio_ur_IP_i/processing_system7_0/inst/FCLK_CLK0 | casio_ur_IP_i/axi_timer_1/U0/AXI4_LITE_I/I_SLAVE_ATTACHMENT/I_DECODER/pair0_Select                                                                                | casio_ur_IP_i/axi_timer_1/U0/TC_CORE_I/GEN_SECOND_TIMER.COUNTER_1_I/COUNTER_I/INFERRED_GEN.icount_out_reg[31]_0                               |                2 |              8 |
|  casio_ur_IP_i/processing_system7_0/inst/FCLK_CLK0 | casio_ur_IP_i/axi_timer_0/U0/AXI4_LITE_I/I_SLAVE_ATTACHMENT/bus2ip_addr_i[4]_i_1_n_0                                                                              | casio_ur_IP_i/axi_timer_0/U0/AXI4_LITE_I/I_SLAVE_ATTACHMENT/rst                                                                               |                1 |              8 |
|  casio_ur_IP_i/processing_system7_0/inst/FCLK_CLK0 |                                                                                                                                                                   | casio_ur_IP_i/ps7_0_axi_periph/s00_couplers/auto_pc/inst/gen_axilite.gen_b2s_conv.axilite_b2s/SI_REG/ar.ar_pipe/m_valid_i_reg_0               |                2 |              8 |
|  casio_ur_IP_i/processing_system7_0/inst/FCLK_CLK0 |                                                                                                                                                                   | casio_ur_IP_i/axi_gpio_2/U0/gpio_core_1/Read_Reg_Rst__0                                                                                       |                1 |              8 |
|  casio_ur_IP_i/processing_system7_0/inst/FCLK_CLK0 | casio_ur_IP_i/axi_gpio_3/U0/AXI_LITE_IPIF_I/I_SLAVE_ATTACHMENT/start2                                                                                             | casio_ur_IP_i/axi_gpio_3/U0/AXI_LITE_IPIF_I/I_SLAVE_ATTACHMENT/I_DECODER/cs_ce_clr                                                            |                1 |              8 |
|  casio_ur_IP_i/processing_system7_0/inst/FCLK_CLK0 |                                                                                                                                                                   | casio_ur_IP_i/axi_gpio_0/U0/AXI_LITE_IPIF_I/I_SLAVE_ATTACHMENT/clear                                                                          |                1 |              8 |
|  casio_ur_IP_i/processing_system7_0/inst/FCLK_CLK0 |                                                                                                                                                                   | casio_ur_IP_i/axi_gpio_0/U0/gpio_core_1/Not_Dual.ALLIN1_ND.READ_REG_GEN[3].reg1[31]_i_1_n_0                                                   |                1 |              8 |
|  casio_ur_IP_i/processing_system7_0/inst/FCLK_CLK0 | casio_ur_IP_i/axi_gpio_1/U0/AXI_LITE_IPIF_I/I_SLAVE_ATTACHMENT/I_DECODER/Not_Dual.gpio_OE_reg[0][0]                                                               | casio_ur_IP_i/axi_gpio_1/U0/bus2ip_reset                                                                                                      |                1 |              8 |
|  casio_ur_IP_i/processing_system7_0/inst/FCLK_CLK0 | casio_ur_IP_i/ps7_0_axi_periph/s00_couplers/auto_pc/inst/gen_axilite.gen_b2s_conv.axilite_b2s/RD.ar_channel_0/ar_cmd_fsm_0/E[0]                                   | casio_ur_IP_i/ps7_0_axi_periph/s00_couplers/auto_pc/inst/gen_axilite.gen_b2s_conv.axilite_b2s/RD.ar_channel_0/ar_cmd_fsm_0/axlen_cnt_reg[7]   |                1 |              8 |
|  casio_ur_IP_i/processing_system7_0/inst/FCLK_CLK0 | casio_ur_IP_i/axi_gpio_2/U0/AXI_LITE_IPIF_I/I_SLAVE_ATTACHMENT/bus2ip_addr_i[8]_i_1_n_0                                                                           | casio_ur_IP_i/axi_gpio_2/U0/AXI_LITE_IPIF_I/I_SLAVE_ATTACHMENT/SR[0]                                                                          |                1 |              8 |
|  casio_ur_IP_i/processing_system7_0/inst/FCLK_CLK0 | casio_ur_IP_i/axi_gpio_2/U0/AXI_LITE_IPIF_I/I_SLAVE_ATTACHMENT/start2                                                                                             | casio_ur_IP_i/axi_gpio_2/U0/AXI_LITE_IPIF_I/I_SLAVE_ATTACHMENT/I_DECODER/cs_ce_clr                                                            |                1 |              8 |
|  casio_ur_IP_i/processing_system7_0/inst/FCLK_CLK0 | casio_ur_IP_i/axi_gpio_0/U0/AXI_LITE_IPIF_I/I_SLAVE_ATTACHMENT/I_DECODER/Not_Dual.gpio_OE_reg[0][0]                                                               | casio_ur_IP_i/axi_gpio_0/U0/bus2ip_reset                                                                                                      |                2 |              8 |
|  casio_ur_IP_i/processing_system7_0/inst/FCLK_CLK0 | casio_ur_IP_i/axi_gpio_3/U0/AXI_LITE_IPIF_I/I_SLAVE_ATTACHMENT/s_axi_rresp_i                                                                                      | casio_ur_IP_i/axi_gpio_3/U0/AXI_LITE_IPIF_I/I_SLAVE_ATTACHMENT/SR[0]                                                                          |                1 |             10 |
|  casio_ur_IP_i/processing_system7_0/inst/FCLK_CLK0 | casio_ur_IP_i/axi_gpio_2/U0/AXI_LITE_IPIF_I/I_SLAVE_ATTACHMENT/s_axi_rresp_i                                                                                      | casio_ur_IP_i/axi_gpio_2/U0/AXI_LITE_IPIF_I/I_SLAVE_ATTACHMENT/SR[0]                                                                          |                1 |             10 |
|  casio_ur_IP_i/processing_system7_0/inst/FCLK_CLK0 |                                                                                                                                                                   | casio_ur_IP_i/rst_ps7_0_100M/U0/EXT_LPF/lpf_int                                                                                               |                3 |             10 |
|  casio_ur_IP_i/processing_system7_0/inst/FCLK_CLK0 | casio_ur_IP_i/axi_gpio_0/U0/AXI_LITE_IPIF_I/I_SLAVE_ATTACHMENT/s_axi_rresp_i                                                                                      | casio_ur_IP_i/axi_gpio_0/U0/bus2ip_reset                                                                                                      |                2 |             12 |
|  casio_ur_IP_i/processing_system7_0/inst/FCLK_CLK0 | casio_ur_IP_i/axi_gpio_1/U0/AXI_LITE_IPIF_I/I_SLAVE_ATTACHMENT/s_axi_rresp_i                                                                                      | casio_ur_IP_i/axi_gpio_1/U0/bus2ip_reset                                                                                                      |                1 |             12 |
|  casio_ur_IP_i/processing_system7_0/inst/FCLK_CLK0 |                                                                                                                                                                   | casio_ur_IP_i/axi_timer_1/U0/AXI4_LITE_I/I_SLAVE_ATTACHMENT/INCLUDE_DPHASE_TIMER.dpto_cnt[5]_i_1_n_0                                          |                2 |             12 |
|  casio_ur_IP_i/processing_system7_0/inst/FCLK_CLK0 | casio_ur_IP_i/rst_ps7_0_100M/U0/SEQ/seq_cnt_en                                                                                                                    | casio_ur_IP_i/rst_ps7_0_100M/U0/SEQ/SEQ_COUNTER/clear                                                                                         |                1 |             12 |
|  casio_ur_IP_i/processing_system7_0/inst/FCLK_CLK0 |                                                                                                                                                                   | casio_ur_IP_i/axi_timer_0/U0/AXI4_LITE_I/I_SLAVE_ATTACHMENT/INCLUDE_DPHASE_TIMER.dpto_cnt[5]_i_1_n_0                                          |                2 |             12 |
|  casio_ur_IP_i/processing_system7_0/inst/FCLK_CLK0 | casio_ur_IP_i/axi_timer_0/U0/AXI4_LITE_I/I_SLAVE_ATTACHMENT/start2                                                                                                | casio_ur_IP_i/axi_timer_0/U0/AXI4_LITE_I/I_SLAVE_ATTACHMENT/I_DECODER/cs_ce_clr                                                               |                2 |             14 |
|  casio_ur_IP_i/processing_system7_0/inst/FCLK_CLK0 | casio_ur_IP_i/axi_timer_1/U0/AXI4_LITE_I/I_SLAVE_ATTACHMENT/start2                                                                                                | casio_ur_IP_i/axi_timer_1/U0/AXI4_LITE_I/I_SLAVE_ATTACHMENT/I_DECODER/cs_ce_clr                                                               |                2 |             14 |
|  casio_ur_IP_i/processing_system7_0/inst/FCLK_CLK0 | casio_ur_IP_i/axi_timer_1/U0/AXI4_LITE_I/I_SLAVE_ATTACHMENT/I_DECODER/bus2ip_wrce[0]                                                                              | casio_ur_IP_i/axi_timer_1/U0/TC_CORE_I/GEN_SECOND_TIMER.COUNTER_1_I/COUNTER_I/INFERRED_GEN.icount_out_reg[31]_0                               |                5 |             16 |
|  casio_ur_IP_i/processing_system7_0/inst/FCLK_CLK0 | casio_ur_IP_i/axi_gpio_1/U0/AXI_LITE_IPIF_I/I_SLAVE_ATTACHMENT/bus2ip_addr_i[8]_i_1_n_0                                                                           | casio_ur_IP_i/axi_gpio_1/U0/bus2ip_reset                                                                                                      |                1 |             16 |
|  casio_ur_IP_i/processing_system7_0/inst/FCLK_CLK0 | casio_ur_IP_i/ps7_0_axi_periph/s00_couplers/auto_pc/inst/gen_axilite.gen_b2s_conv.axilite_b2s/WR.b_channel_0/mhandshake_r                                         | casio_ur_IP_i/ps7_0_axi_periph/s00_couplers/auto_pc/inst/gen_axilite.gen_b2s_conv.axilite_b2s/WR.b_channel_0/bid_fifo_0/SR[0]                 |                3 |             16 |
|  casio_ur_IP_i/processing_system7_0/inst/FCLK_CLK0 | casio_ur_IP_i/axi_gpio_2/U0/AXI_LITE_IPIF_I/I_SLAVE_ATTACHMENT/I_DECODER/E[0]                                                                                     | casio_ur_IP_i/axi_gpio_2/U0/AXI_LITE_IPIF_I/I_SLAVE_ATTACHMENT/SR[0]                                                                          |                2 |             16 |
|  casio_ur_IP_i/processing_system7_0/inst/FCLK_CLK0 |                                                                                                                                                                   | casio_ur_IP_i/axi_gpio_3/U0/gpio_core_1/Read_Reg_Rst                                                                                          |                2 |             16 |
|  casio_ur_IP_i/processing_system7_0/inst/FCLK_CLK0 | casio_ur_IP_i/axi_gpio_0/U0/AXI_LITE_IPIF_I/I_SLAVE_ATTACHMENT/bus2ip_addr_i[8]_i_1_n_0                                                                           | casio_ur_IP_i/axi_gpio_0/U0/bus2ip_reset                                                                                                      |                1 |             16 |
|  casio_ur_IP_i/processing_system7_0/inst/FCLK_CLK0 | casio_ur_IP_i/axi_timer_0/U0/AXI4_LITE_I/I_SLAVE_ATTACHMENT/I_DECODER/bus2ip_wrce[0]                                                                              | casio_ur_IP_i/axi_timer_0/U0/TC_CORE_I/GEN_SECOND_TIMER.COUNTER_1_I/COUNTER_I/INFERRED_GEN.icount_out_reg[31]_0                               |                2 |             16 |
|  casio_ur_IP_i/processing_system7_0/inst/FCLK_CLK0 | casio_ur_IP_i/axi_timer_1/U0/AXI4_LITE_I/I_SLAVE_ATTACHMENT/I_DECODER/bus2ip_wrce[1]                                                                              | casio_ur_IP_i/axi_timer_1/U0/TC_CORE_I/GEN_SECOND_TIMER.COUNTER_1_I/COUNTER_I/INFERRED_GEN.icount_out_reg[31]_0                               |                5 |             18 |
|  casio_ur_IP_i/processing_system7_0/inst/FCLK_CLK0 | casio_ur_IP_i/axi_timer_0/U0/AXI4_LITE_I/I_SLAVE_ATTACHMENT/I_DECODER/bus2ip_wrce[1]                                                                              | casio_ur_IP_i/axi_timer_0/U0/TC_CORE_I/GEN_SECOND_TIMER.COUNTER_1_I/COUNTER_I/INFERRED_GEN.icount_out_reg[31]_0                               |                4 |             18 |
|  casio_ur_IP_i/processing_system7_0/inst/FCLK_CLK0 |                                                                                                                                                                   | casio_ur_IP_i/axi_timer_1/U0/AXI4_LITE_I/I_SLAVE_ATTACHMENT/rst                                                                               |                5 |             22 |
|  casio_ur_IP_i/processing_system7_0/inst/FCLK_CLK0 |                                                                                                                                                                   | casio_ur_IP_i/axi_timer_0/U0/AXI4_LITE_I/I_SLAVE_ATTACHMENT/rst                                                                               |                4 |             22 |
|  casio_ur_IP_i/processing_system7_0/inst/FCLK_CLK0 |                                                                                                                                                                   | casio_ur_IP_i/axi_timer_1/U0/TC_CORE_I/GEN_SECOND_TIMER.COUNTER_1_I/COUNTER_I/INFERRED_GEN.icount_out_reg[31]_0                               |                3 |             24 |
|  casio_ur_IP_i/processing_system7_0/inst/FCLK_CLK0 | casio_ur_IP_i/ps7_0_axi_periph/s00_couplers/auto_pc/inst/gen_axilite.gen_b2s_conv.axilite_b2s/WR.aw_channel_0/cmd_translator_0/incr_cmd_0/axaddr_incr[11]_i_1_n_0 |                                                                                                                                               |                2 |             24 |
|  casio_ur_IP_i/processing_system7_0/inst/FCLK_CLK0 | casio_ur_IP_i/ps7_0_axi_periph/s00_couplers/auto_pc/inst/gen_axilite.gen_b2s_conv.axilite_b2s/WR.aw_channel_0/aw_cmd_fsm_0/E[0]                                   |                                                                                                                                               |                5 |             24 |
|  casio_ur_IP_i/processing_system7_0/inst/FCLK_CLK0 |                                                                                                                                                                   | casio_ur_IP_i/axi_timer_0/U0/TC_CORE_I/GEN_SECOND_TIMER.COUNTER_1_I/COUNTER_I/INFERRED_GEN.icount_out_reg[31]_0                               |                4 |             24 |
|  casio_ur_IP_i/processing_system7_0/inst/FCLK_CLK0 | casio_ur_IP_i/ps7_0_axi_periph/s00_couplers/auto_pc/inst/gen_axilite.gen_b2s_conv.axilite_b2s/RD.ar_channel_0/ar_cmd_fsm_0/wrap_boundary_axaddr_r_reg[11][0]      |                                                                                                                                               |                5 |             24 |
|  casio_ur_IP_i/processing_system7_0/inst/FCLK_CLK0 | casio_ur_IP_i/ps7_0_axi_periph/s00_couplers/auto_pc/inst/gen_axilite.gen_b2s_conv.axilite_b2s/RD.ar_channel_0/ar_cmd_fsm_0/axaddr_incr_reg[0][0]                  |                                                                                                                                               |                3 |             24 |
|  casio_ur_IP_i/processing_system7_0/inst/FCLK_CLK0 | casio_ur_IP_i/ps7_0_axi_periph/s00_couplers/auto_pc/inst/gen_axilite.gen_b2s_conv.axilite_b2s/RD.r_channel_0/r_push_r                                             |                                                                                                                                               |                4 |             26 |
|  casio_ur_IP_i/processing_system7_0/inst/FCLK_CLK0 | casio_ur_IP_i/ps7_0_axi_periph/s00_couplers/auto_pc/inst/gen_axilite.gen_b2s_conv.axilite_b2s/SI_REG/b.b_pipe/p_1_in                                              |                                                                                                                                               |                2 |             28 |
|  casio_ur_IP_i/processing_system7_0/inst/FCLK_CLK0 |                                                                                                                                                                   | casio_ur_IP_i/ps7_0_axi_periph/xbar/inst/gen_sasd.crossbar_sasd_0/addr_arbiter_inst/SR[0]                                                     |                5 |             28 |
|  casio_ur_IP_i/processing_system7_0/inst/FCLK_CLK0 | casio_ur_IP_i/ps7_0_axi_periph/s00_couplers/auto_pc/inst/gen_axilite.gen_b2s_conv.axilite_b2s/SI_REG/b.b_pipe/skid_buffer_reg[0]_0                                |                                                                                                                                               |                2 |             28 |
|  casio_ur_IP_i/processing_system7_0/inst/FCLK_CLK0 | casio_ur_IP_i/ps7_0_axi_periph/s00_couplers/auto_pc/inst/gen_axilite.gen_b2s_conv.axilite_b2s/WR.aw_channel_0/aw_cmd_fsm_0/b_push                                 |                                                                                                                                               |                3 |             32 |
|  casio_ur_IP_i/processing_system7_0/inst/FCLK_CLK0 | casio_ur_IP_i/ps7_0_axi_periph/s00_couplers/auto_pc/inst/gen_axilite.gen_b2s_conv.axilite_b2s/WR.aw_channel_0/aw_cmd_fsm_0/axaddr_wrap_reg[11][0]                 |                                                                                                                                               |                9 |             40 |
|  casio_ur_IP_i/processing_system7_0/inst/FCLK_CLK0 | casio_ur_IP_i/ps7_0_axi_periph/s00_couplers/auto_pc/inst/gen_axilite.gen_b2s_conv.axilite_b2s/RD.ar_channel_0/ar_cmd_fsm_0/E[0]                                   |                                                                                                                                               |                6 |             40 |
|  casio_ur_IP_i/processing_system7_0/inst/FCLK_CLK0 |                                                                                                                                                                   | casio_ur_IP_i/axi_gpio_3/U0/AXI_LITE_IPIF_I/I_SLAVE_ATTACHMENT/SR[0]                                                                          |                8 |             40 |
|  casio_ur_IP_i/processing_system7_0/inst/FCLK_CLK0 |                                                                                                                                                                   | casio_ur_IP_i/axi_gpio_2/U0/AXI_LITE_IPIF_I/I_SLAVE_ATTACHMENT/SR[0]                                                                          |                8 |             40 |
|  casio_ur_IP_i/processing_system7_0/inst/FCLK_CLK0 | casio_ur_IP_i/axi_gpio_1/U0/AXI_LITE_IPIF_I/I_SLAVE_ATTACHMENT/start2                                                                                             | casio_ur_IP_i/axi_gpio_1/U0/AXI_LITE_IPIF_I/I_SLAVE_ATTACHMENT/I_DECODER/cs_ce_clr                                                            |                4 |             42 |
|  casio_ur_IP_i/processing_system7_0/inst/FCLK_CLK0 | casio_ur_IP_i/axi_gpio_0/U0/AXI_LITE_IPIF_I/I_SLAVE_ATTACHMENT/start2                                                                                             | casio_ur_IP_i/axi_gpio_0/U0/AXI_LITE_IPIF_I/I_SLAVE_ATTACHMENT/I_DECODER/cs_ce_clr                                                            |                4 |             42 |
|  casio_ur_IP_i/processing_system7_0/inst/FCLK_CLK0 | casio_ur_IP_i/ps7_0_axi_periph/xbar/inst/gen_sasd.crossbar_sasd_0/addr_arbiter_inst/p_0_in1_in                                                                    | casio_ur_IP_i/ps7_0_axi_periph/xbar/inst/gen_sasd.crossbar_sasd_0/addr_arbiter_inst/SR[0]                                                     |                9 |             46 |
|  casio_ur_IP_i/processing_system7_0/inst/FCLK_CLK0 | casio_ur_IP_i/axi_timer_0/U0/TC_CORE_I/TIMER_CONTROL_I/INPUT_DOUBLE_REGS3/INFERRED_GEN.icount_out_reg[0]_0                                                        | casio_ur_IP_i/axi_timer_0/U0/TC_CORE_I/GEN_SECOND_TIMER.COUNTER_1_I/COUNTER_I/INFERRED_GEN.icount_out_reg[31]_0                               |                5 |             64 |
|  casio_ur_IP_i/processing_system7_0/inst/FCLK_CLK0 | casio_ur_IP_i/axi_timer_1/U0/AXI4_LITE_I/I_SLAVE_ATTACHMENT/s_axi_rresp_i                                                                                         | casio_ur_IP_i/axi_timer_1/U0/AXI4_LITE_I/I_SLAVE_ATTACHMENT/rst                                                                               |               32 |             64 |
|  casio_ur_IP_i/processing_system7_0/inst/FCLK_CLK0 | casio_ur_IP_i/axi_timer_1/U0/TC_CORE_I/TIMER_CONTROL_I/INPUT_DOUBLE_REGS3/INFERRED_GEN.icount_out_reg[0]                                                          | casio_ur_IP_i/axi_timer_1/U0/TC_CORE_I/GEN_SECOND_TIMER.COUNTER_1_I/COUNTER_I/INFERRED_GEN.icount_out_reg[31]_0                               |                7 |             64 |
|  casio_ur_IP_i/processing_system7_0/inst/FCLK_CLK0 | casio_ur_IP_i/axi_timer_1/U0/TC_CORE_I/TIMER_CONTROL_I/INPUT_DOUBLE_REGS3/INFERRED_GEN.icount_out_reg[0]_0                                                        | casio_ur_IP_i/axi_timer_1/U0/TC_CORE_I/GEN_SECOND_TIMER.COUNTER_1_I/COUNTER_I/INFERRED_GEN.icount_out_reg[31]_0                               |                4 |             64 |
|  casio_ur_IP_i/processing_system7_0/inst/FCLK_CLK0 | casio_ur_IP_i/axi_timer_1/U0/TC_CORE_I/TIMER_CONTROL_I/CE                                                                                                         | casio_ur_IP_i/axi_timer_1/U0/TC_CORE_I/GEN_SECOND_TIMER.COUNTER_1_I/COUNTER_I/INFERRED_GEN.icount_out_reg[31]_0                               |               12 |             64 |
|  casio_ur_IP_i/processing_system7_0/inst/FCLK_CLK0 | casio_ur_IP_i/axi_timer_1/U0/TC_CORE_I/TIMER_CONTROL_I/CE_0                                                                                                       | casio_ur_IP_i/axi_timer_1/U0/TC_CORE_I/GEN_SECOND_TIMER.COUNTER_1_I/COUNTER_I/INFERRED_GEN.icount_out_reg[31]_0                               |               14 |             64 |
|  casio_ur_IP_i/processing_system7_0/inst/FCLK_CLK0 | casio_ur_IP_i/axi_timer_0/U0/TC_CORE_I/TIMER_CONTROL_I/INPUT_DOUBLE_REGS3/INFERRED_GEN.icount_out_reg[0]                                                          | casio_ur_IP_i/axi_timer_0/U0/TC_CORE_I/GEN_SECOND_TIMER.COUNTER_1_I/COUNTER_I/INFERRED_GEN.icount_out_reg[31]_0                               |                4 |             64 |
|  casio_ur_IP_i/processing_system7_0/inst/FCLK_CLK0 | casio_ur_IP_i/axi_timer_0/U0/TC_CORE_I/TIMER_CONTROL_I/CE_0                                                                                                       | casio_ur_IP_i/axi_timer_0/U0/TC_CORE_I/GEN_SECOND_TIMER.COUNTER_1_I/COUNTER_I/INFERRED_GEN.icount_out_reg[31]_0                               |               10 |             64 |
|  casio_ur_IP_i/processing_system7_0/inst/FCLK_CLK0 | casio_ur_IP_i/axi_timer_0/U0/TC_CORE_I/TIMER_CONTROL_I/CE                                                                                                         | casio_ur_IP_i/axi_timer_0/U0/TC_CORE_I/GEN_SECOND_TIMER.COUNTER_1_I/COUNTER_I/INFERRED_GEN.icount_out_reg[31]_0                               |               10 |             64 |
|  casio_ur_IP_i/processing_system7_0/inst/FCLK_CLK0 | casio_ur_IP_i/axi_timer_0/U0/AXI4_LITE_I/I_SLAVE_ATTACHMENT/s_axi_rresp_i                                                                                         | casio_ur_IP_i/axi_timer_0/U0/AXI4_LITE_I/I_SLAVE_ATTACHMENT/rst                                                                               |               32 |             64 |
|  casio_ur_IP_i/processing_system7_0/inst/FCLK_CLK0 | casio_ur_IP_i/ps7_0_axi_periph/s00_couplers/auto_pc/inst/gen_axilite.gen_b2s_conv.axilite_b2s/RD.r_channel_0/rd_data_fifo_0/wr_en0                                |                                                                                                                                               |                9 |             68 |
|  casio_ur_IP_i/processing_system7_0/inst/FCLK_CLK0 | casio_ur_IP_i/ps7_0_axi_periph/xbar/inst/gen_sasd.crossbar_sasd_0/addr_arbiter_inst/E[0]                                                                          |                                                                                                                                               |               10 |             70 |
|  casio_ur_IP_i/processing_system7_0/inst/FCLK_CLK0 |                                                                                                                                                                   | casio_ur_IP_i/axi_gpio_1/U0/bus2ip_reset                                                                                                      |               13 |             80 |
|  casio_ur_IP_i/processing_system7_0/inst/FCLK_CLK0 |                                                                                                                                                                   | casio_ur_IP_i/axi_gpio_0/U0/bus2ip_reset                                                                                                      |               14 |             80 |
|  casio_ur_IP_i/processing_system7_0/inst/FCLK_CLK0 | casio_ur_IP_i/ps7_0_axi_periph/s00_couplers/auto_pc/inst/gen_axilite.gen_b2s_conv.axilite_b2s/SI_REG/r.r_pipe/p_1_in                                              |                                                                                                                                               |                7 |             94 |
|  casio_ur_IP_i/processing_system7_0/inst/FCLK_CLK0 | casio_ur_IP_i/ps7_0_axi_periph/s00_couplers/auto_pc/inst/gen_axilite.gen_b2s_conv.axilite_b2s/SI_REG/r.r_pipe/skid_buffer_reg[0]_0                                |                                                                                                                                               |               10 |             94 |
|  casio_ur_IP_i/processing_system7_0/inst/FCLK_CLK0 | casio_ur_IP_i/ps7_0_axi_periph/s00_couplers/auto_pc/inst/gen_axilite.gen_b2s_conv.axilite_b2s/WR.aw_channel_0/aw_cmd_fsm_0/m_payload_i_reg[0][0]                  |                                                                                                                                               |                8 |             96 |
|  casio_ur_IP_i/processing_system7_0/inst/FCLK_CLK0 | casio_ur_IP_i/ps7_0_axi_periph/s00_couplers/auto_pc/inst/gen_axilite.gen_b2s_conv.axilite_b2s/SI_REG/aw.aw_pipe/s_axi_awready                                     |                                                                                                                                               |               10 |             96 |
|  casio_ur_IP_i/processing_system7_0/inst/FCLK_CLK0 | casio_ur_IP_i/ps7_0_axi_periph/s00_couplers/auto_pc/inst/gen_axilite.gen_b2s_conv.axilite_b2s/SI_REG/ar.ar_pipe/s_axi_arready                                     |                                                                                                                                               |               12 |             96 |
|  casio_ur_IP_i/processing_system7_0/inst/FCLK_CLK0 | casio_ur_IP_i/ps7_0_axi_periph/s00_couplers/auto_pc/inst/gen_axilite.gen_b2s_conv.axilite_b2s/RD.ar_channel_0/ar_cmd_fsm_0/m_payload_i_reg[0]_1[0]                |                                                                                                                                               |               10 |             96 |
|  casio_ur_IP_i/processing_system7_0/inst/FCLK_CLK0 |                                                                                                                                                                   | casio_ur_IP_i/ps7_0_axi_periph/s00_couplers/auto_pc/inst/gen_axilite.gen_b2s_conv.axilite_b2s/areset_d1                                       |               15 |            120 |
|  casio_ur_IP_i/processing_system7_0/inst/FCLK_CLK0 |                                                                                                                                                                   |                                                                                                                                               |               93 |            532 |
+----------------------------------------------------+-------------------------------------------------------------------------------------------------------------------------------------------------------------------+-----------------------------------------------------------------------------------------------------------------------------------------------+------------------+----------------+


